# JRE version: OpenJDK Runtime Environment (11.0.10) (build 11.0.10+0-b96-7281165)
# Java VM: OpenJDK 64-Bit Server VM (11.0.10+0-b96-7281165, mixed mode, tiered, compressed oops, g1 gc, bsd-amd64)
Heap:
 garbage-first heap   total 472064K, used 172435K [0x0000000680000000, 0x0000000800000000)
  region size 1024K, 133 young (136192K), 9 survivors (9216K)
 Metaspace       used 73809K, capacity 74570K, committed 75852K, reserved 1116160K
  class space    used 8371K, capacity 8683K, committed 8780K, reserved 1048576K
GC Heap History (12 events):
Event: 0.689 GC heap before
{Heap before GC invocations=0 (full 0):
 garbage-first heap   total 393216K, used 27648K [0x0000000680000000, 0x0000000800000000)
  region size 1024K, 24 young (24576K), 0 survivors (0K)
 Metaspace       used 12664K, capacity 12792K, committed 13056K, reserved 1060864K
  class space    used 1200K, capacity 1239K, committed 1280K, reserved 1048576K
}
Event: 0.692 GC heap after
{Heap after GC invocations=1 (full 0):
 garbage-first heap   total 393216K, used 5790K [0x0000000680000000, 0x0000000800000000)
  region size 1024K, 3 young (3072K), 3 survivors (3072K)
 Metaspace       used 12664K, capacity 12792K, committed 13056K, reserved 1060864K
  class space    used 1200K, capacity 1239K, committed 1280K, reserved 1048576K
}
Event: 1.240 GC heap before
{Heap before GC invocations=1 (full 0):
 garbage-first heap   total 393216K, used 39582K [0x0000000680000000, 0x0000000800000000)
  region size 1024K, 37 young (37888K), 3 survivors (3072K)
 Metaspace       used 20751K, capacity 20919K, committed 21248K, reserved 1069056K
  class space    used 2187K, capacity 2244K, committed 2304K, reserved 1048576K
}
Event: 1.258 GC heap after
{Heap after GC invocations=2 (full 0):
 garbage-first heap   total 393216K, used 9552K [0x0000000680000000, 0x0000000800000000)
  region size 1024K, 7 young (7168K), 7 survivors (7168K)
 Metaspace       used 20751K, capacity 20919K, committed 21248K, reserved 1069056K
  class space    used 2187K, capacity 2244K, committed 2304K, reserved 1048576K
}
Event: 2.456 GC heap before
{Heap before GC invocations=3 (full 0):
 garbage-first heap   total 393216K, used 70992K [0x0000000680000000, 0x0000000800000000)
  region size 1024K, 55 young (56320K), 7 survivors (7168K)
 Metaspace       used 30727K, capacity 31145K, committed 31488K, reserved 1077248K
  class space    used 3621K, capacity 3791K, committed 3840K, reserved 1048576K
}
Event: 2.466 GC heap after
{Heap after GC invocations=4 (full 0):
 garbage-first heap   total 393216K, used 24443K [0x0000000680000000, 0x0000000800000000)
  region size 1024K, 7 young (7168K), 7 survivors (7168K)
 Metaspace       used 30727K, capacity 31145K, committed 31488K, reserved 1077248K
  class space    used 3621K, capacity 3791K, committed 3840K, reserved 1048576K
}
Event: 3.127 GC heap before
{Heap before GC invocations=4 (full 0):
 garbage-first heap   total 393216K, used 42875K [0x0000000680000000, 0x0000000800000000)
  region size 1024K, 26 young (26624K), 7 survivors (7168K)
 Metaspace       used 35009K, capacity 35422K, committed 35840K, reserved 1081344K
  class space    used 4300K, capacity 4470K, committed 4480K, reserved 1048576K
}
Event: 3.143 GC heap after
{Heap after GC invocations=5 (full 0):
 garbage-first heap   total 393216K, used 23739K [0x0000000680000000, 0x0000000800000000)
  region size 1024K, 2 young (2048K), 2 survivors (2048K)
 Metaspace       used 35009K, capacity 35422K, committed 35840K, reserved 1081344K
  class space    used 4300K, capacity 4470K, committed 4480K, reserved 1048576K
}
Event: 4.999 GC heap before
{Heap before GC invocations=6 (full 0):
 garbage-first heap   total 393216K, used 141499K [0x0000000680000000, 0x0000000800000000)
  region size 1024K, 114 young (116736K), 2 survivors (2048K)
 Metaspace       used 51635K, capacity 52208K, committed 53068K, reserved 1095680K
  class space    used 5947K, capacity 6174K, committed 6220K, reserved 1048576K
}
Event: 5.012 GC heap after
{Heap after GC invocations=7 (full 0):
 garbage-first heap   total 393216K, used 37711K [0x0000000680000000, 0x0000000800000000)
  region size 1024K, 14 young (14336K), 14 survivors (14336K)
 Metaspace       used 51635K, capacity 52208K, committed 53068K, reserved 1095680K
  class space    used 5947K, capacity 6174K, committed 6220K, reserved 1048576K
}
Event: 6.093 GC heap before
{Heap before GC invocations=7 (full 0):
 garbage-first heap   total 393216K, used 105295K [0x0000000680000000, 0x0000000800000000)
  region size 1024K, 81 young (82944K), 14 survivors (14336K)
 Metaspace       used 58744K, capacity 59383K, committed 60236K, reserved 1101824K
  class space    used 6866K, capacity 7141K, committed 7244K, reserved 1048576K
}
Event: 6.139 GC heap after
{Heap after GC invocations=8 (full 0):
 garbage-first heap   total 472064K, used 46483K [0x0000000680000000, 0x0000000800000000)
  region size 1024K, 9 young (9216K), 9 survivors (9216K)
 Metaspace       used 58744K, capacity 59383K, committed 60236K, reserved 1101824K
  class space    used 6866K, capacity 7141K, committed 7244K, reserved 1048576K
}

